This file contains any messages produced by compilers while
running configure, to aid debugging if configure makes a mistake.

It was created by rt-app configure v1.0-40-g188f5be, which was
generated by GNU Autoconf 2.69.  Invocation command line was

  $ ./configure --host=arm-linux-gnueabihf LDFLAGS=--static -L./../json-c/. CFLAGS=-I./.. --with-deadline

## --------- ##
## Platform. ##
## --------- ##

hostname = ubuntu
uname -m = x86_64
uname -r = 4.13.0-43-generic
uname -s = Linux
uname -v = #48~16.04.1-Ubuntu SMP Thu May 17 12:56:46 UTC 2018

/usr/bin/uname -p = unknown
/bin/uname -X     = unknown

/bin/arch              = unknown
/usr/bin/arch -k       = unknown
/usr/convex/getsysinfo = unknown
/usr/bin/hostinfo      = unknown
/bin/machine           = unknown
/usr/bin/oslevel       = unknown
/bin/universe          = unknown

PATH: /home/pan/tools/android_sdk/jdk1.8.0_112/bin
PATH: /home/pan/bin
PATH: /home/pan/.local/bin
PATH: /usr/local/sbin
PATH: /usr/local/bin
PATH: /usr/sbin
PATH: /usr/bin
PATH: /sbin
PATH: /bin
PATH: /usr/games
PATH: /usr/local/games
PATH: /snap/bin
PATH: /home/pan/tools/gcc-linaro-6.3.1-2017.02-x86_64_aarch64-linux-gnu/bin
PATH: /home/pan/tools/gcc-linaro-6.3.1-2017.05-x86_64_arm-linux-gnueabi/bin
PATH: /home/ae/bin
PATH: /home/pan/tools/android_sdk/android-sdk-linux/build-tools/25.0.2
PATH: /home/pan/tools/android_sdk/android-sdk-linux/platform-tools
PATH: /home/pan/tools/android_sdk/android-sdk-linux/platform-tools
PATH: /home/pan/tools/android_sdk/android-sdk-linux/tools


## ----------- ##
## Core tests. ##
## ----------- ##

configure:2195: checking for a BSD-compatible install
configure:2263: result: /usr/bin/install -c
configure:2274: checking whether build environment is sane
configure:2329: result: yes
configure:2388: checking for arm-linux-gnueabihf-strip
configure:2418: result: no
configure:2428: checking for strip
configure:2444: found /usr/bin/strip
configure:2455: result: strip
configure:2480: checking for a thread-safe mkdir -p
configure:2519: result: /bin/mkdir -p
configure:2526: checking for gawk
configure:2556: result: no
configure:2526: checking for mawk
configure:2542: found /usr/bin/mawk
configure:2553: result: mawk
configure:2564: checking whether make sets $(MAKE)
configure:2586: result: yes
configure:2615: checking whether make supports nested variables
configure:2632: result: yes
configure:2771: checking for style of include used by make
configure:2799: result: GNU
configure:2830: checking for arm-linux-gnueabihf-gcc
configure:2860: result: no
configure:2870: checking for gcc
configure:2886: found /usr/bin/gcc
configure:2897: result: gcc
configure:3126: checking for C compiler version
configure:3135: gcc --version >&5
gcc (Ubuntu 5.4.0-6ubuntu1~16.04.9) 5.4.0 20160609
Copyright (C) 2015 Free Software Foundation, Inc.
This is free software; see the source for copying conditions.  There is NO
warranty; not even for MERCHANTABILITY or FITNESS FOR A PARTICULAR PURPOSE.

configure:3146: $? = 0
configure:3135: gcc -v >&5
Using built-in specs.
COLLECT_GCC=gcc
COLLECT_LTO_WRAPPER=/usr/lib/gcc/x86_64-linux-gnu/5/lto-wrapper
Target: x86_64-linux-gnu
Configured with: ../src/configure -v --with-pkgversion='Ubuntu 5.4.0-6ubuntu1~16.04.9' --with-bugurl=file:///usr/share/doc/gcc-5/README.Bugs --enable-languages=c,ada,c++,java,go,d,fortran,objc,obj-c++ --prefix=/usr --program-suffix=-5 --enable-shared --enable-linker-build-id --libexecdir=/usr/lib --without-included-gettext --enable-threads=posix --libdir=/usr/lib --enable-nls --with-sysroot=/ --enable-clocale=gnu --enable-libstdcxx-debug --enable-libstdcxx-time=yes --with-default-libstdcxx-abi=new --enable-gnu-unique-object --disable-vtable-verify --enable-libmpx --enable-plugin --with-system-zlib --disable-browser-plugin --enable-java-awt=gtk --enable-gtk-cairo --with-java-home=/usr/lib/jvm/java-1.5.0-gcj-5-amd64/jre --enable-java-home --with-jvm-root-dir=/usr/lib/jvm/java-1.5.0-gcj-5-amd64 --with-jvm-jar-dir=/usr/lib/jvm-exports/java-1.5.0-gcj-5-amd64 --with-arch-directory=amd64 --with-ecj-jar=/usr/share/java/eclipse-ecj.jar --enable-objc-gc --enable-multiarch --disable-werror --with-arch-32=i686 --with-abi=m64 --with-multilib-list=m32,m64,mx32 --enable-multilib --with-tune=generic --enable-checking=release --build=x86_64-linux-gnu --host=x86_64-linux-gnu --target=x86_64-linux-gnu
Thread model: posix
gcc version 5.4.0 20160609 (Ubuntu 5.4.0-6ubuntu1~16.04.9) 
configure:3146: $? = 0
configure:3135: gcc -V >&5
gcc: error: unrecognized command line option '-V'
gcc: fatal error: no input files
compilation terminated.
configure:3146: $? = 1
configure:3135: gcc -qversion >&5
gcc: error: unrecognized command line option '-qversion'
gcc: fatal error: no input files
compilation terminated.
configure:3146: $? = 1
configure:3166: checking whether the C compiler works
configure:3188: gcc -I./..  --static -L./../json-c/. conftest.c  >&5
configure:3192: $? = 0
configure:3240: result: yes
configure:3243: checking for C compiler default output file name
configure:3245: result: a.out
configure:3251: checking for suffix of executables
configure:3258: gcc -o conftest -I./..  --static -L./../json-c/. conftest.c  >&5
configure:3262: $? = 0
configure:3284: result: 
configure:3306: checking whether we are cross compiling
configure:3314: gcc -o conftest -I./..  --static -L./../json-c/. conftest.c  >&5
configure:3318: $? = 0
configure:3325: ./conftest
configure:3329: $? = 0
configure:3344: result: no
configure:3349: checking for suffix of object files
configure:3371: gcc -c -I./..  conftest.c >&5
configure:3375: $? = 0
configure:3396: result: o
configure:3400: checking whether we are using the GNU C compiler
configure:3419: gcc -c -I./..  conftest.c >&5
configure:3419: $? = 0
configure:3428: result: yes
configure:3437: checking whether gcc accepts -g
configure:3457: gcc -c -g  conftest.c >&5
configure:3457: $? = 0
configure:3498: result: yes
configure:3515: checking for gcc option to accept ISO C89
configure:3578: gcc  -c -I./..  conftest.c >&5
configure:3578: $? = 0
configure:3591: result: none needed
configure:3616: checking whether gcc understands -c and -o together
configure:3638: gcc -c conftest.c -o conftest2.o
configure:3641: $? = 0
configure:3638: gcc -c conftest.c -o conftest2.o
configure:3641: $? = 0
configure:3653: result: yes
configure:3672: checking dependency style of gcc
configure:3783: result: gcc3
configure:3804: checking for arm-linux-gnueabihf-ar
configure:3834: result: no
configure:3804: checking for arm-linux-gnueabihf-lib
configure:3834: result: no
configure:3804: checking for arm-linux-gnueabihf-link
configure:3834: result: no
configure:3848: checking for ar
configure:3864: found /usr/bin/ar
configure:3875: result: ar
configure:3901: checking the archiver (ar) interface
configure:3917: gcc -c -I./..  conftest.c >&5
configure:3917: $? = 0
configure:3919: ar cru libconftest.a conftest.o >&5
ar: `u' modifier ignored since `D' is the default (see `U')
configure:3922: $? = 0
configure:3950: result: ar
configure:3978: checking for arm-linux-gnueabihf-gcc
configure:4005: result: gcc
configure:4274: checking for C compiler version
configure:4283: gcc --version >&5
gcc (Ubuntu 5.4.0-6ubuntu1~16.04.9) 5.4.0 20160609
Copyright (C) 2015 Free Software Foundation, Inc.
This is free software; see the source for copying conditions.  There is NO
warranty; not even for MERCHANTABILITY or FITNESS FOR A PARTICULAR PURPOSE.

configure:4294: $? = 0
configure:4283: gcc -v >&5
Using built-in specs.
COLLECT_GCC=gcc
COLLECT_LTO_WRAPPER=/usr/lib/gcc/x86_64-linux-gnu/5/lto-wrapper
Target: x86_64-linux-gnu
Configured with: ../src/configure -v --with-pkgversion='Ubuntu 5.4.0-6ubuntu1~16.04.9' --with-bugurl=file:///usr/share/doc/gcc-5/README.Bugs --enable-languages=c,ada,c++,java,go,d,fortran,objc,obj-c++ --prefix=/usr --program-suffix=-5 --enable-shared --enable-linker-build-id --libexecdir=/usr/lib --without-included-gettext --enable-threads=posix --libdir=/usr/lib --enable-nls --with-sysroot=/ --enable-clocale=gnu --enable-libstdcxx-debug --enable-libstdcxx-time=yes --with-default-libstdcxx-abi=new --enable-gnu-unique-object --disable-vtable-verify --enable-libmpx --enable-plugin --with-system-zlib --disable-browser-plugin --enable-java-awt=gtk --enable-gtk-cairo --with-java-home=/usr/lib/jvm/java-1.5.0-gcj-5-amd64/jre --enable-java-home --with-jvm-root-dir=/usr/lib/jvm/java-1.5.0-gcj-5-amd64 --with-jvm-jar-dir=/usr/lib/jvm-exports/java-1.5.0-gcj-5-amd64 --with-arch-directory=amd64 --with-ecj-jar=/usr/share/java/eclipse-ecj.jar --enable-objc-gc --enable-multiarch --disable-werror --with-arch-32=i686 --with-abi=m64 --with-multilib-list=m32,m64,mx32 --enable-multilib --with-tune=generic --enable-checking=release --build=x86_64-linux-gnu --host=x86_64-linux-gnu --target=x86_64-linux-gnu
Thread model: posix
gcc version 5.4.0 20160609 (Ubuntu 5.4.0-6ubuntu1~16.04.9) 
configure:4294: $? = 0
configure:4283: gcc -V >&5
gcc: error: unrecognized command line option '-V'
gcc: fatal error: no input files
compilation terminated.
configure:4294: $? = 1
configure:4283: gcc -qversion >&5
gcc: error: unrecognized command line option '-qversion'
gcc: fatal error: no input files
compilation terminated.
configure:4294: $? = 1
configure:4298: checking whether we are using the GNU C compiler
configure:4326: result: yes
configure:4335: checking whether gcc accepts -g
configure:4396: result: yes
configure:4413: checking for gcc option to accept ISO C89
configure:4489: result: none needed
configure:4514: checking whether gcc understands -c and -o together
configure:4551: result: yes
configure:4570: checking dependency style of gcc
configure:4681: result: gcc3
configure:4725: checking build system type
configure:4739: result: x86_64-pc-linux-gnu
configure:4759: checking host system type
configure:4772: result: arm-unknown-linux-gnueabihf
configure:4813: checking how to print strings
configure:4840: result: printf
configure:4861: checking for a sed that does not truncate output
configure:4925: result: /bin/sed
configure:4943: checking for grep that handles long lines and -e
configure:5001: result: /bin/grep
configure:5006: checking for egrep
configure:5068: result: /bin/grep -E
configure:5073: checking for fgrep
configure:5135: result: /bin/grep -F
configure:5170: checking for ld used by gcc
configure:5237: result: /usr/bin/ld
configure:5244: checking if the linker (/usr/bin/ld) is GNU ld
configure:5259: result: yes
configure:5271: checking for BSD- or MS-compatible name lister (nm)
configure:5325: result: no
configure:5339: checking for arm-linux-gnueabihf-dumpbin
configure:5369: result: no
configure:5339: checking for arm-linux-gnueabihf-link
configure:5369: result: no
configure:5383: checking for dumpbin
configure:5413: result: no
configure:5383: checking for link
configure:5399: found /usr/bin/link
configure:5410: result: link -dump
configure:5455: checking the name lister (nm) interface
configure:5462: gcc -c -I./..  conftest.c >&5
configure:5465: nm "conftest.o"
configure:5468: output
0000000000000000 B some_variable
configure:5475: result: BSD nm
configure:5478: checking whether ln -s works
configure:5482: result: yes
configure:5490: checking the maximum length of command line arguments
configure:5621: result: 1572864
configure:5669: checking how to convert x86_64-pc-linux-gnu file names to arm-unknown-linux-gnueabihf format
configure:5709: result: func_convert_file_noop
configure:5716: checking how to convert x86_64-pc-linux-gnu file names to toolchain format
configure:5736: result: func_convert_file_noop
configure:5743: checking for /usr/bin/ld option to reload object files
configure:5750: result: -r
configure:5784: checking for arm-linux-gnueabihf-objdump
configure:5814: result: no
configure:5824: checking for objdump
configure:5840: found /usr/bin/objdump
configure:5851: result: objdump
configure:5883: checking how to recognize dependent libraries
configure:6083: result: pass_all
configure:6128: checking for arm-linux-gnueabihf-dlltool
configure:6158: result: no
configure:6168: checking for dlltool
configure:6198: result: no
configure:6228: checking how to associate runtime and link libraries
configure:6255: result: printf %s\n
configure:6271: checking for arm-linux-gnueabihf-ar
configure:6298: result: ar
configure:6379: checking for archiver @FILE support
configure:6396: gcc -c -I./..  conftest.c >&5
configure:6396: $? = 0
configure:6399: ar cru libconftest.a @conftest.lst >&5
ar: `u' modifier ignored since `D' is the default (see `U')
configure:6402: $? = 0
configure:6407: ar cru libconftest.a @conftest.lst >&5
ar: `u' modifier ignored since `D' is the default (see `U')
ar: conftest.o: No such file or directory
configure:6410: $? = 1
configure:6422: result: @
configure:6440: checking for arm-linux-gnueabihf-strip
configure:6467: result: strip
configure:6539: checking for arm-linux-gnueabihf-ranlib
configure:6569: result: no
configure:6579: checking for ranlib
configure:6595: found /usr/bin/ranlib
configure:6606: result: ranlib
configure:6708: checking command to parse nm output from gcc object
configure:6861: gcc -c -I./..  conftest.c >&5
configure:6864: $? = 0
configure:6868: nm conftest.o \| sed -n -e 's/^.*[ ]\([ABCDGIRSTW][ABCDGIRSTW]*\)[ ][ ]*\([_A-Za-z][_A-Za-z0-9]*\)$/\1 \2 \2/p' | sed '/ __gnu_lto/d' \> conftest.nm
configure:6871: $? = 0
configure:6937: gcc -o conftest -I./..  --static -L./../json-c/. conftest.c conftstm.o >&5
configure:6940: $? = 0
configure:6978: result: ok
configure:7025: checking for sysroot
configure:7055: result: no
configure:7062: checking for a working dd
configure:7100: result: /bin/dd
configure:7104: checking how to truncate binary pipes
configure:7119: result: /bin/dd bs=4096 count=1
configure:7408: checking for arm-linux-gnueabihf-mt
configure:7438: result: no
configure:7448: checking for mt
configure:7464: found /bin/mt
configure:7475: result: mt
configure:7498: checking if mt is a manifest tool
configure:7504: mt '-?'
configure:7512: result: no
configure:8189: checking how to run the C preprocessor
configure:8220: gcc -E  conftest.c
configure:8220: $? = 0
configure:8234: gcc -E  conftest.c
conftest.c:11:28: fatal error: ac_nonexistent.h: No such file or directory
compilation terminated.
configure:8234: $? = 1
configure: failed program was:
| /* confdefs.h */
| #define PACKAGE_NAME "rt-app"
| #define PACKAGE_TARNAME "rt-app"
| #define PACKAGE_VERSION "v1.0-40-g188f5be"
| #define PACKAGE_STRING "rt-app v1.0-40-g188f5be"
| #define PACKAGE_BUGREPORT "juri.lelli@arm.com, vincent.guittot@linaro.org"
| #define PACKAGE_URL ""
| #define PACKAGE "rt-app"
| #define VERSION "v1.0-40-g188f5be"
| /* end confdefs.h.  */
| #include <ac_nonexistent.h>
configure:8259: result: gcc -E
configure:8279: gcc -E  conftest.c
configure:8279: $? = 0
configure:8293: gcc -E  conftest.c
conftest.c:11:28: fatal error: ac_nonexistent.h: No such file or directory
compilation terminated.
configure:8293: $? = 1
configure: failed program was:
| /* confdefs.h */
| #define PACKAGE_NAME "rt-app"
| #define PACKAGE_TARNAME "rt-app"
| #define PACKAGE_VERSION "v1.0-40-g188f5be"
| #define PACKAGE_STRING "rt-app v1.0-40-g188f5be"
| #define PACKAGE_BUGREPORT "juri.lelli@arm.com, vincent.guittot@linaro.org"
| #define PACKAGE_URL ""
| #define PACKAGE "rt-app"
| #define VERSION "v1.0-40-g188f5be"
| /* end confdefs.h.  */
| #include <ac_nonexistent.h>
configure:8322: checking for ANSI C header files
configure:8342: gcc -c -I./..  conftest.c >&5
configure:8342: $? = 0
configure:8415: gcc -o conftest -I./..  --static -L./../json-c/. conftest.c  >&5
configure:8415: $? = 0
configure:8415: ./conftest
configure:8415: $? = 0
configure:8426: result: yes
configure:8439: checking for sys/types.h
configure:8439: gcc -c -I./..  conftest.c >&5
configure:8439: $? = 0
configure:8439: result: yes
configure:8439: checking for sys/stat.h
configure:8439: gcc -c -I./..  conftest.c >&5
configure:8439: $? = 0
configure:8439: result: yes
configure:8439: checking for stdlib.h
configure:8439: gcc -c -I./..  conftest.c >&5
configure:8439: $? = 0
configure:8439: result: yes
configure:8439: checking for string.h
configure:8439: gcc -c -I./..  conftest.c >&5
configure:8439: $? = 0
configure:8439: result: yes
configure:8439: checking for memory.h
configure:8439: gcc -c -I./..  conftest.c >&5
configure:8439: $? = 0
configure:8439: result: yes
configure:8439: checking for strings.h
configure:8439: gcc -c -I./..  conftest.c >&5
configure:8439: $? = 0
configure:8439: result: yes
configure:8439: checking for inttypes.h
configure:8439: gcc -c -I./..  conftest.c >&5
configure:8439: $? = 0
configure:8439: result: yes
configure:8439: checking for stdint.h
configure:8439: gcc -c -I./..  conftest.c >&5
configure:8439: $? = 0
configure:8439: result: yes
configure:8439: checking for unistd.h
configure:8439: gcc -c -I./..  conftest.c >&5
configure:8439: $? = 0
configure:8439: result: yes
configure:8453: checking for dlfcn.h
configure:8453: gcc -c -I./..  conftest.c >&5
configure:8453: $? = 0
configure:8453: result: yes
configure:8709: checking for objdir
configure:8724: result: .libs
configure:8988: checking if gcc supports -fno-rtti -fno-exceptions
configure:9006: gcc -c -I./..  -fno-rtti -fno-exceptions conftest.c >&5
cc1: warning: command line option '-fno-rtti' is valid for C++/ObjC++ but not for C
configure:9010: $? = 0
configure:9023: result: no
configure:9381: checking for gcc option to produce PIC
configure:9388: result: -fPIC -DPIC
configure:9396: checking if gcc PIC flag -fPIC -DPIC works
configure:9414: gcc -c -I./..  -fPIC -DPIC -DPIC conftest.c >&5
configure:9418: $? = 0
configure:9431: result: yes
configure:9460: checking if gcc static flag -static works
configure:9488: result: yes
configure:9503: checking if gcc supports -c -o file.o
configure:9524: gcc -c -I./..  -o out/conftest2.o conftest.c >&5
configure:9528: $? = 0
configure:9550: result: yes
configure:9558: checking if gcc supports -c -o file.o
configure:9605: result: yes
configure:9638: checking whether the gcc linker (/usr/bin/ld) supports shared libraries
configure:10901: result: yes
configure:10938: checking whether -lc should be explicitly linked in
configure:10946: gcc -c -I./..  conftest.c >&5
configure:10949: $? = 0
configure:10964: gcc -shared  -fPIC -DPIC conftest.o  -v -Wl,-soname -Wl,conftest -o conftest 2\>\&1 \| /bin/grep  -lc  \>/dev/null 2\>\&1
configure:10967: $? = 0
configure:10981: result: no
configure:11141: checking dynamic linker characteristics
configure:11722: gcc -o conftest -I./..  --static -L./../json-c/. -Wl,-rpath -Wl,/foo conftest.c  >&5
configure:11722: $? = 0
configure:11971: result: GNU/Linux ld.so
configure:12093: checking how to hardcode library paths into programs
configure:12118: result: immediate
configure:12666: checking whether stripping libraries is possible
configure:12671: result: yes
configure:12706: checking if libtool supports shared libraries
configure:12708: result: yes
configure:12711: checking whether to build shared libraries
configure:12736: result: yes
configure:12739: checking whether to build static libraries
configure:12743: result: yes
configure:12782: checking for ANSI C header files
configure:12886: result: yes
configure:12895: checking for pthread_create in -lpthread
configure:12920: gcc -o conftest -I./..  --static -L./../json-c/. conftest.c -lpthread   >&5
configure:12920: $? = 0
configure:12929: result: yes
configure:12940: checking for round in -lm
configure:12965: gcc -o conftest -I./..  --static -L./../json-c/. conftest.c -lm  -lpthread  >&5
conftest.c:32:6: warning: conflicting types for built-in function 'round'
 char round ();
      ^
configure:12965: $? = 0
configure:12974: result: yes
configure:12985: checking for clock_gettime in -lrt
configure:13010: gcc -o conftest -I./..  --static -L./../json-c/. conftest.c -lrt  -lm -lpthread  >&5
configure:13010: $? = 0
configure:13019: result: yes
configure:13030: checking for json_object_from_file in -ljson-c
configure:13064: result: yes
configure:13079: checking for sched_setattr
configure:13079: gcc -o conftest -I./..  --static -L./../json-c/. conftest.c -ljson-c -lrt -lm -lpthread  >&5
/usr/bin/ld: cannot find -ljson-c
collect2: error: ld returned 1 exit status
configure:13079: $? = 1
configure: failed program was:
| /* confdefs.h */
| #define PACKAGE_NAME "rt-app"
| #define PACKAGE_TARNAME "rt-app"
| #define PACKAGE_VERSION "v1.0-40-g188f5be"
| #define PACKAGE_STRING "rt-app v1.0-40-g188f5be"
| #define PACKAGE_BUGREPORT "juri.lelli@arm.com, vincent.guittot@linaro.org"
| #define PACKAGE_URL ""
| #define PACKAGE "rt-app"
| #define VERSION "v1.0-40-g188f5be"
| #define STDC_HEADERS 1
| #define HAVE_SYS_TYPES_H 1
| #define HAVE_SYS_STAT_H 1
| #define HAVE_STDLIB_H 1
| #define HAVE_STRING_H 1
| #define HAVE_MEMORY_H 1
| #define HAVE_STRINGS_H 1
| #define HAVE_INTTYPES_H 1
| #define HAVE_STDINT_H 1
| #define HAVE_UNISTD_H 1
| #define HAVE_DLFCN_H 1
| #define LT_OBJDIR ".libs/"
| #define STDC_HEADERS 1
| #define HAVE_LIBPTHREAD 1
| #define HAVE_LIBM 1
| #define HAVE_LIBRT 1
| #define HAVE_LIBJSON_C 1
| /* end confdefs.h.  */
| /* Define sched_setattr to an innocuous variant, in case <limits.h> declares sched_setattr.
|    For example, HP-UX 11i <limits.h> declares gettimeofday.  */
| #define sched_setattr innocuous_sched_setattr
| 
| /* System header to define __stub macros and hopefully few prototypes,
|     which can conflict with char sched_setattr (); below.
|     Prefer <limits.h> to <assert.h> if __STDC__ is defined, since
|     <limits.h> exists even on freestanding compilers.  */
| 
| #ifdef __STDC__
| # include <limits.h>
| #else
| # include <assert.h>
| #endif
| 
| #undef sched_setattr
| 
| /* Override any GCC internal prototype to avoid an error.
|    Use char because int might match the return type of a GCC
|    builtin and then its argument prototype would still apply.  */
| #ifdef __cplusplus
| extern "C"
| #endif
| char sched_setattr ();
| /* The GNU C library defines this for functions which it implements
|     to always fail with ENOSYS.  Some functions are actually named
|     something starting with __ and the normal name is an alias.  */
| #if defined __stub_sched_setattr || defined __stub___sched_setattr
| choke me
| #endif
| 
| int
| main ()
| {
| return sched_setattr ();
|   ;
|   return 0;
| }
configure:13079: result: no
configure:13239: checking that generated files are newer than configure
configure:13245: result: done
configure:13276: creating ./config.status

## ---------------------- ##
## Running config.status. ##
## ---------------------- ##

This file was extended by rt-app config.status v1.0-40-g188f5be, which was
generated by GNU Autoconf 2.69.  Invocation command line was

  CONFIG_FILES    = 
  CONFIG_HEADERS  = 
  CONFIG_LINKS    = 
  CONFIG_COMMANDS = 
  $ ./config.status 

on ubuntu

config.status:1099: creating Makefile
config.status:1099: creating src/Makefile
config.status:1099: creating libdl/Makefile
config.status:1099: creating README
config.status:1099: creating COPYING
config.status:1099: creating src/config.h
config.status:1328: executing depfiles commands
config.status:1328: executing libtool commands

## ---------------- ##
## Cache variables. ##
## ---------------- ##

ac_cv_build=x86_64-pc-linux-gnu
ac_cv_c_compiler_gnu=yes
ac_cv_env_CC_set=
ac_cv_env_CC_value=
ac_cv_env_CFLAGS_set=set
ac_cv_env_CFLAGS_value=-I./..
ac_cv_env_CPPFLAGS_set=
ac_cv_env_CPPFLAGS_value=
ac_cv_env_CPP_set=
ac_cv_env_CPP_value=
ac_cv_env_LDFLAGS_set=set
ac_cv_env_LDFLAGS_value='--static -L./../json-c/.'
ac_cv_env_LIBS_set=
ac_cv_env_LIBS_value=
ac_cv_env_LOGLVL_set=
ac_cv_env_LOGLVL_value=
ac_cv_env_LT_SYS_LIBRARY_PATH_set=
ac_cv_env_LT_SYS_LIBRARY_PATH_value=
ac_cv_env_build_alias_set=
ac_cv_env_build_alias_value=
ac_cv_env_host_alias_set=set
ac_cv_env_host_alias_value=arm-linux-gnueabihf
ac_cv_env_target_alias_set=
ac_cv_env_target_alias_value=
ac_cv_func_malloc_0_nonnull=yes
ac_cv_func_realloc_0_nonnull=yes
ac_cv_func_sched_setattr=no
ac_cv_header_dlfcn_h=yes
ac_cv_header_inttypes_h=yes
ac_cv_header_memory_h=yes
ac_cv_header_stdc=yes
ac_cv_header_stdint_h=yes
ac_cv_header_stdlib_h=yes
ac_cv_header_string_h=yes
ac_cv_header_strings_h=yes
ac_cv_header_sys_stat_h=yes
ac_cv_header_sys_types_h=yes
ac_cv_header_unistd_h=yes
ac_cv_host=arm-unknown-linux-gnueabihf
ac_cv_lib_json_c_json_object_from_file=yes
ac_cv_lib_m_round=yes
ac_cv_lib_pthread_pthread_create=yes
ac_cv_lib_rt_clock_gettime=yes
ac_cv_objext=o
ac_cv_path_EGREP='/bin/grep -E'
ac_cv_path_FGREP='/bin/grep -F'
ac_cv_path_GREP=/bin/grep
ac_cv_path_SED=/bin/sed
ac_cv_path_install='/usr/bin/install -c'
ac_cv_path_lt_DD=/bin/dd
ac_cv_path_mkdir=/bin/mkdir
ac_cv_prog_AR=ar
ac_cv_prog_AWK=mawk
ac_cv_prog_CC=gcc
ac_cv_prog_CPP='gcc -E'
ac_cv_prog_STRIP=strip
ac_cv_prog_ac_ct_AR=ar
ac_cv_prog_ac_ct_CC=gcc
ac_cv_prog_ac_ct_DUMPBIN='link -dump'
ac_cv_prog_ac_ct_MANIFEST_TOOL=mt
ac_cv_prog_ac_ct_OBJDUMP=objdump
ac_cv_prog_ac_ct_RANLIB=ranlib
ac_cv_prog_ac_ct_STRIP=strip
ac_cv_prog_cc_c89=
ac_cv_prog_cc_g=yes
ac_cv_prog_make_make_set=yes
am_cv_CC_dependencies_compiler_type=gcc3
am_cv_ar_interface=ar
am_cv_make_support_nested_variables=yes
am_cv_prog_cc_c_o=yes
lt_cv_ar_at_file=@
lt_cv_archive_cmds_need_lc=no
lt_cv_deplibs_check_method=pass_all
lt_cv_file_magic_cmd='$MAGIC_CMD'
lt_cv_file_magic_test_file=
lt_cv_ld_reload_flag=-r
lt_cv_nm_interface='BSD nm'
lt_cv_objdir=.libs
lt_cv_path_LD=/usr/bin/ld
lt_cv_path_NM=no
lt_cv_path_mainfest_tool=no
lt_cv_prog_compiler_c_o=yes
lt_cv_prog_compiler_pic='-fPIC -DPIC'
lt_cv_prog_compiler_pic_works=yes
lt_cv_prog_compiler_rtti_exceptions=no
lt_cv_prog_compiler_static_works=yes
lt_cv_prog_gnu_ld=yes
lt_cv_sharedlib_from_linklib_cmd='printf %s\n'
lt_cv_shlibpath_overrides_runpath=no
lt_cv_sys_global_symbol_pipe='sed -n -e '\''s/^.*[	 ]\([ABCDGIRSTW][ABCDGIRSTW]*\)[	 ][	 ]*\([_A-Za-z][_A-Za-z0-9]*\)$/\1 \2 \2/p'\'' | sed '\''/ __gnu_lto/d'\'''
lt_cv_sys_global_symbol_to_c_name_address='sed -n -e '\''s/^: \(.*\) .*$/  {"\1", (void *) 0},/p'\'' -e '\''s/^[ABCDGIRSTW][ABCDGIRSTW]* .* \(.*\)$/  {"\1", (void *) \&\1},/p'\'''
lt_cv_sys_global_symbol_to_c_name_address_lib_prefix='sed -n -e '\''s/^: \(.*\) .*$/  {"\1", (void *) 0},/p'\'' -e '\''s/^[ABCDGIRSTW][ABCDGIRSTW]* .* \(lib.*\)$/  {"\1", (void *) \&\1},/p'\'' -e '\''s/^[ABCDGIRSTW][ABCDGIRSTW]* .* \(.*\)$/  {"lib\1", (void *) \&\1},/p'\'''
lt_cv_sys_global_symbol_to_cdecl='sed -n -e '\''s/^T .* \(.*\)$/extern int \1();/p'\'' -e '\''s/^[ABCDGIRSTW][ABCDGIRSTW]* .* \(.*\)$/extern char \1;/p'\'''
lt_cv_sys_global_symbol_to_import=
lt_cv_sys_max_cmd_len=1572864
lt_cv_to_host_file_cmd=func_convert_file_noop
lt_cv_to_tool_file_cmd=func_convert_file_noop
lt_cv_truncate_bin='/bin/dd bs=4096 count=1'

## ----------------- ##
## Output variables. ##
## ----------------- ##

ACLOCAL='${SHELL} /home/pan/working_pan/git_pan_a/no_repo/rt-app/build-aux/missing aclocal-1.15'
AMDEPBACKSLASH='\'
AMDEP_FALSE='#'
AMDEP_TRUE=''
AMTAR='$${TAR-tar}'
AM_BACKSLASH='\'
AM_DEFAULT_V='$(AM_DEFAULT_VERBOSITY)'
AM_DEFAULT_VERBOSITY='1'
AM_V='$(V)'
AR='ar'
AUTOCONF='${SHELL} /home/pan/working_pan/git_pan_a/no_repo/rt-app/build-aux/missing autoconf'
AUTOHEADER='${SHELL} /home/pan/working_pan/git_pan_a/no_repo/rt-app/build-aux/missing autoheader'
AUTOMAKE='${SHELL} /home/pan/working_pan/git_pan_a/no_repo/rt-app/build-aux/missing automake-1.15'
AWK='mawk'
CC='gcc'
CCDEPMODE='depmode=gcc3'
CFLAGS='-I./..'
CPP='gcc -E'
CPPFLAGS=''
CYGPATH_W='echo'
DEFS='-DHAVE_CONFIG_H'
DEPDIR='.deps'
DLLTOOL='false'
DSYMUTIL=''
DUMPBIN=':'
ECHO_C=''
ECHO_N='-n'
ECHO_T=''
EGREP='/bin/grep -E'
EXEEXT=''
FGREP='/bin/grep -F'
GREP='/bin/grep'
INSTALL_DATA='${INSTALL} -m 644'
INSTALL_PROGRAM='${INSTALL}'
INSTALL_SCRIPT='${INSTALL}'
INSTALL_STRIP_PROGRAM='$(install_sh) -c -s'
LD='/usr/bin/ld'
LDFLAGS='--static -L./../json-c/.'
LIBOBJS=''
LIBS='-ljson-c -lrt -lm -lpthread '
LIBTOOL='$(SHELL) $(top_builddir)/libtool'
LIPO=''
LN_S='ln -s'
LOGLVL=''
LTLIBOBJS=''
LT_SYS_LIBRARY_PATH=''
MAKEINFO='${SHELL} /home/pan/working_pan/git_pan_a/no_repo/rt-app/build-aux/missing makeinfo'
MANIFEST_TOOL=':'
MKDIR_P='/bin/mkdir -p'
NM='nm'
NMEDIT=''
OBJDUMP='objdump'
OBJEXT='o'
OTOOL64=''
OTOOL=''
PACKAGE='rt-app'
PACKAGE_BUGREPORT='juri.lelli@arm.com, vincent.guittot@linaro.org'
PACKAGE_NAME='rt-app'
PACKAGE_STRING='rt-app v1.0-40-g188f5be'
PACKAGE_TARNAME='rt-app'
PACKAGE_URL=''
PACKAGE_VERSION='v1.0-40-g188f5be'
PATH_SEPARATOR=':'
RANLIB='ranlib'
SED='/bin/sed'
SET_DLSCHED_FALSE='#'
SET_DLSCHED_TRUE=''
SET_MAKE=''
SHELL='/bin/bash'
STRIP='strip'
VERSION='v1.0-40-g188f5be'
ac_ct_AR='ar'
ac_ct_CC='gcc'
ac_ct_DUMPBIN='link -dump'
am__EXEEXT_FALSE=''
am__EXEEXT_TRUE='#'
am__fastdepCC_FALSE='#'
am__fastdepCC_TRUE=''
am__include='include'
am__isrc=''
am__leading_dot='.'
am__nodep='_no'
am__quote=''
am__tar='$${TAR-tar} chof - "$$tardir"'
am__untar='$${TAR-tar} xf -'
bindir='${exec_prefix}/bin'
build='x86_64-pc-linux-gnu'
build_alias=''
build_cpu='x86_64'
build_os='linux-gnu'
build_vendor='pc'
datadir='${datarootdir}'
datarootdir='${prefix}/share'
docdir='${datarootdir}/doc/${PACKAGE_TARNAME}'
dvidir='${docdir}'
exec_prefix='${prefix}'
host='arm-unknown-linux-gnueabihf'
host_alias='arm-linux-gnueabihf'
host_cpu='arm'
host_os='linux-gnueabihf'
host_vendor='unknown'
htmldir='${docdir}'
includedir='${prefix}/include'
infodir='${datarootdir}/info'
install_sh='${SHELL} /home/pan/working_pan/git_pan_a/no_repo/rt-app/build-aux/install-sh'
libdir='${exec_prefix}/lib'
libexecdir='${exec_prefix}/libexec'
localedir='${datarootdir}/locale'
localstatedir='${prefix}/var'
mandir='${datarootdir}/man'
mkdir_p='$(MKDIR_P)'
oldincludedir='/usr/include'
pdfdir='${docdir}'
prefix='/usr/local'
program_transform_name='s,x,x,'
psdir='${docdir}'
runstatedir='${localstatedir}/run'
sbindir='${exec_prefix}/sbin'
sharedstatedir='${prefix}/com'
sysconfdir='${prefix}/etc'
target_alias=''

## ----------- ##
## confdefs.h. ##
## ----------- ##

/* confdefs.h */
#define PACKAGE_NAME "rt-app"
#define PACKAGE_TARNAME "rt-app"
#define PACKAGE_VERSION "v1.0-40-g188f5be"
#define PACKAGE_STRING "rt-app v1.0-40-g188f5be"
#define PACKAGE_BUGREPORT "juri.lelli@arm.com, vincent.guittot@linaro.org"
#define PACKAGE_URL ""
#define PACKAGE "rt-app"
#define VERSION "v1.0-40-g188f5be"
#define STDC_HEADERS 1
#define HAVE_SYS_TYPES_H 1
#define HAVE_SYS_STAT_H 1
#define HAVE_STDLIB_H 1
#define HAVE_STRING_H 1
#define HAVE_MEMORY_H 1
#define HAVE_STRINGS_H 1
#define HAVE_INTTYPES_H 1
#define HAVE_STDINT_H 1
#define HAVE_UNISTD_H 1
#define HAVE_DLFCN_H 1
#define LT_OBJDIR ".libs/"
#define STDC_HEADERS 1
#define HAVE_LIBPTHREAD 1
#define HAVE_LIBM 1
#define HAVE_LIBRT 1
#define HAVE_LIBJSON_C 1
#define DLSCHED 1
#define LOG_LEVEL 50
#define BUILD_DATE "2018-05-27 00:41:00 PDT"

configure: exit 0
